<?xml version="1.0" encoding="UTF-8"?>
<!-- Generated by org.testng.reporters.JUnitXMLReporter -->
<testsuite ignored="0" hostname="LAPTOP-Q1P4S741" failures="0" tests="5" name="google-e2e-tests" time="80.952" errors="0" timestamp="2024-04-04T23:17:50 CEST">
  <testcase classname="tests.HomePageTests" name="SearchRecordTest" time="1.962"/>
  <testcase classname="tests.HomePageTests" name="FeelingLuckyButtonTest" time="27.085"/>
  <testcase classname="tests.HomePageTests" name="LogInWithIncorrectPassword" time="7.33"/>
  <testcase classname="tests.HomePageTests" name="LogInWithCorrectCredentials" time="8.059"/>
  <testcase classname="tests.HomePageTests" name="CheckFooterLinks" time="18.122"/>
</testsuite> <!-- google-e2e-tests -->
