<?xml version="1.0" encoding="UTF-8"?>
<!-- Generated by org.testng.reporters.JUnitXMLReporter -->
<testsuite ignored="0" hostname="LAPTOP-Q1P4S741" failures="0" tests="5" name="google-e2e-tests" time="83.248" errors="0" timestamp="2024-04-05T08:00:29 CEST">
  <testcase classname="tests.HomePageTests" name="SearchRecordTest" time="2.511"/>
  <testcase classname="tests.HomePageTests" name="FeelingLuckyButtonTest" time="26.529"/>
  <testcase classname="tests.HomePageTests" name="LogInWithIncorrectPassword" time="6.594"/>
  <testcase classname="tests.HomePageTests" name="LogInWithCorrectCredentials" time="10.356"/>
  <testcase classname="tests.HomePageTests" name="CheckFooterLinks" time="18.642"/>
</testsuite> <!-- google-e2e-tests -->
