<?xml version="1.0" encoding="UTF-8"?>
<testng-results ignored="0" total="5" passed="5" failed="0" skipped="0">
  <reporter-output>
  </reporter-output>
  <suite started-at="2024-04-04T23:16:29 CEST" name="Default Suite" finished-at="2024-04-04T23:17:50 CEST" duration-ms="80952">
    <groups>
    </groups>
    <test started-at="2024-04-04T23:16:29 CEST" name="google-e2e-tests" finished-at="2024-04-04T23:17:50 CEST" duration-ms="80952">
      <class name="tests.HomePageTests">
        <test-method is-config="true" signature="testSetup()[pri:0, instance:tests.HomePageTests@5c1a8622]" started-at="2024-04-04T23:16:29 CEST" name="testSetup" finished-at="2024-04-04T23:16:33 CEST" duration-ms="4194" status="PASS">
          <reporter-output>
          </reporter-output>
        </test-method> <!-- testSetup -->
        <test-method signature="SearchRecordTest()[pri:1, instance:tests.HomePageTests@5c1a8622]" started-at="2024-04-04T23:16:33 CEST" name="SearchRecordTest" finished-at="2024-04-04T23:16:35 CEST" duration-ms="1962" status="PASS">
          <reporter-output>
          </reporter-output>
        </test-method> <!-- SearchRecordTest -->
        <test-method is-config="true" signature="endTest()[pri:0, instance:tests.HomePageTests@5c1a8622]" started-at="2024-04-04T23:16:35 CEST" name="endTest" finished-at="2024-04-04T23:16:36 CEST" duration-ms="330" status="PASS">
          <reporter-output>
          </reporter-output>
        </test-method> <!-- endTest -->
        <test-method is-config="true" signature="testSetup()[pri:0, instance:tests.HomePageTests@5c1a8622]" started-at="2024-04-04T23:16:36 CEST" name="testSetup" finished-at="2024-04-04T23:16:39 CEST" duration-ms="3082" status="PASS">
          <reporter-output>
          </reporter-output>
        </test-method> <!-- testSetup -->
        <test-method signature="FeelingLuckyButtonTest()[pri:2, instance:tests.HomePageTests@5c1a8622]" started-at="2024-04-04T23:16:39 CEST" name="FeelingLuckyButtonTest" finished-at="2024-04-04T23:17:06 CEST" duration-ms="27085" status="PASS">
          <reporter-output>
          </reporter-output>
        </test-method> <!-- FeelingLuckyButtonTest -->
        <test-method is-config="true" signature="endTest()[pri:0, instance:tests.HomePageTests@5c1a8622]" started-at="2024-04-04T23:17:06 CEST" name="endTest" finished-at="2024-04-04T23:17:06 CEST" duration-ms="324" status="PASS">
          <reporter-output>
          </reporter-output>
        </test-method> <!-- endTest -->
        <test-method is-config="true" signature="testSetup()[pri:0, instance:tests.HomePageTests@5c1a8622]" started-at="2024-04-04T23:17:06 CEST" name="testSetup" finished-at="2024-04-04T23:17:09 CEST" duration-ms="3036" status="PASS">
          <reporter-output>
          </reporter-output>
        </test-method> <!-- testSetup -->
        <test-method signature="LogInWithIncorrectPassword()[pri:3, instance:tests.HomePageTests@5c1a8622]" started-at="2024-04-04T23:17:09 CEST" name="LogInWithIncorrectPassword" finished-at="2024-04-04T23:17:17 CEST" duration-ms="7330" status="PASS">
          <reporter-output>
          </reporter-output>
        </test-method> <!-- LogInWithIncorrectPassword -->
        <test-method is-config="true" signature="endTest()[pri:0, instance:tests.HomePageTests@5c1a8622]" started-at="2024-04-04T23:17:17 CEST" name="endTest" finished-at="2024-04-04T23:17:17 CEST" duration-ms="304" status="PASS">
          <reporter-output>
          </reporter-output>
        </test-method> <!-- endTest -->
        <test-method is-config="true" signature="testSetup()[pri:0, instance:tests.HomePageTests@5c1a8622]" started-at="2024-04-04T23:17:17 CEST" name="testSetup" finished-at="2024-04-04T23:17:20 CEST" duration-ms="3141" status="PASS">
          <reporter-output>
          </reporter-output>
        </test-method> <!-- testSetup -->
        <test-method signature="LogInWithCorrectCredentials()[pri:4, instance:tests.HomePageTests@5c1a8622]" started-at="2024-04-04T23:17:20 CEST" name="LogInWithCorrectCredentials" finished-at="2024-04-04T23:17:28 CEST" duration-ms="8059" status="PASS">
          <reporter-output>
          </reporter-output>
        </test-method> <!-- LogInWithCorrectCredentials -->
        <test-method is-config="true" signature="endTest()[pri:0, instance:tests.HomePageTests@5c1a8622]" started-at="2024-04-04T23:17:28 CEST" name="endTest" finished-at="2024-04-04T23:17:29 CEST" duration-ms="399" status="PASS">
          <reporter-output>
          </reporter-output>
        </test-method> <!-- endTest -->
        <test-method is-config="true" signature="testSetup()[pri:0, instance:tests.HomePageTests@5c1a8622]" started-at="2024-04-04T23:17:29 CEST" name="testSetup" finished-at="2024-04-04T23:17:32 CEST" duration-ms="3132" status="PASS">
          <reporter-output>
          </reporter-output>
        </test-method> <!-- testSetup -->
        <test-method signature="CheckFooterLinks()[pri:5, instance:tests.HomePageTests@5c1a8622]" started-at="2024-04-04T23:17:32 CEST" name="CheckFooterLinks" finished-at="2024-04-04T23:17:50 CEST" duration-ms="18122" status="PASS">
          <reporter-output>
          </reporter-output>
        </test-method> <!-- CheckFooterLinks -->
        <test-method is-config="true" signature="endTest()[pri:0, instance:tests.HomePageTests@5c1a8622]" started-at="2024-04-04T23:17:50 CEST" name="endTest" finished-at="2024-04-04T23:17:50 CEST" duration-ms="365" status="PASS">
          <reporter-output>
          </reporter-output>
        </test-method> <!-- endTest -->
      </class> <!-- tests.HomePageTests -->
    </test> <!-- google-e2e-tests -->
  </suite> <!-- Default Suite -->
</testng-results>
